[debug] [2021-10-19T13:33:53.108Z] ----------------------------------------------------------------------
[debug] [2021-10-19T13:33:53.112Z] Command:       C:\Program Files\nodejs\node.exe C:\Users\Sazzad Hossain\AppData\Roaming\npm\node_modules\firebase-tools\lib\bin\firebase.js init
[debug] [2021-10-19T13:33:53.112Z] CLI Version:   9.20.0
[debug] [2021-10-19T13:33:53.113Z] Platform:      win32
[debug] [2021-10-19T13:33:53.113Z] Node Version:  v14.17.1
[debug] [2021-10-19T13:33:53.114Z] Time:          Tue Oct 19 2021 19:33:53 GMT+0600 (Bangladesh Standard Time)
[debug] [2021-10-19T13:33:53.114Z] ----------------------------------------------------------------------
[debug] 
[debug] [2021-10-19T13:33:53.125Z] > command requires scopes: ["email","openid","https://www.googleapis.com/auth/cloudplatformprojects.readonly","https://www.googleapis.com/auth/firebase","https://www.googleapis.com/auth/cloud-platform"]
[debug] [2021-10-19T13:33:53.125Z] > authorizing via signed-in user (mahmudsazzad85@gmail.com)
[info] 
     ######## #### ########  ######## ########     ###     ######  ########
     ##        ##  ##     ## ##       ##     ##  ##   ##  ##       ##
     ######    ##  ########  ######   ########  #########  ######  ######
     ##        ##  ##    ##  ##       ##     ## ##     ##       ## ##
     ##       #### ##     ## ######## ########  ##     ##  ######  ########

You're about to initialize a Firebase project in this directory:

  C:\Projects\working-react-project

Before we get started, keep in mind:

  * You are currently outside your home directory

[info] 
=== Project Setup
[info] 
[info] First, let's associate this project directory with a Firebase project.
[info] You can create multiple project aliases by running firebase use --add, 
[info] but for now we'll just set up a default project.
[info] 
[debug] [2021-10-19T13:35:16.222Z] >>> [apiv2][query] GET https://firebase.googleapis.com/v1beta1/projects pageSize=100
[debug] [2021-10-19T13:35:17.153Z] <<< [apiv2][status] GET https://firebase.googleapis.com/v1beta1/projects 200
[debug] [2021-10-19T13:35:17.153Z] <<< [apiv2][body] GET https://firebase.googleapis.com/v1beta1/projects [omitted]
[info] i  Using project delight-sun-clinic (Delight Sun Clinic) 
[info] 
=== Database Setup
[info] i  database: ensuring required API firebasedatabase.googleapis.com is enabled... 
[debug] [2021-10-19T13:35:38.957Z] > refreshing access token with scopes: ["email","https://www.googleapis.com/auth/cloud-platform","https://www.googleapis.com/auth/cloudplatformprojects.readonly","https://www.googleapis.com/auth/firebase","openid"]
[debug] [2021-10-19T13:35:38.959Z] >>> HTTP REQUEST POST https://www.googleapis.com/oauth2/v3/token  
 <request body omitted>
[debug] [2021-10-19T13:35:39.608Z] <<< HTTP RESPONSE 200 {"expires":"Mon, 01 Jan 1990 00:00:00 GMT","pragma":"no-cache","cache-control":"no-cache, no-store, max-age=0, must-revalidate","date":"Tue, 19 Oct 2021 13:35:39 GMT","content-type":"application/json; charset=utf-8","vary":"X-Origin, Referer, Origin,Accept-Encoding","server":"scaffolding on HTTPServer2","x-xss-protection":"0","x-frame-options":"SAMEORIGIN","x-content-type-options":"nosniff","alt-svc":"h3=\":443\"; ma=2592000,h3-29=\":443\"; ma=2592000,h3-T051=\":443\"; ma=2592000,h3-Q050=\":443\"; ma=2592000,h3-Q046=\":443\"; ma=2592000,h3-Q043=\":443\"; ma=2592000,quic=\":443\"; ma=2592000; v=\"46,43\"","accept-ranges":"none","transfer-encoding":"chunked"}
[debug] [2021-10-19T13:35:39.679Z] >>> HTTP REQUEST GET https://serviceusage.googleapis.com/v1/projects/delight-sun-clinic/services/firebasedatabase.googleapis.com  
 
[debug] [2021-10-19T13:35:41.833Z] <<< HTTP RESPONSE 200 {"content-type":"application/json; charset=UTF-8","vary":"X-Origin, Referer, Origin,Accept-Encoding","date":"Tue, 19 Oct 2021 13:35:41 GMT","server":"ESF","cache-control":"private","x-xss-protection":"0","x-frame-options":"SAMEORIGIN","x-content-type-options":"nosniff","alt-svc":"h3=\":443\"; ma=2592000,h3-29=\":443\"; ma=2592000,h3-T051=\":443\"; ma=2592000,h3-Q050=\":443\"; ma=2592000,h3-Q046=\":443\"; ma=2592000,h3-Q043=\":443\"; ma=2592000,quic=\":443\"; ma=2592000; v=\"46,43\"","accept-ranges":"none","transfer-encoding":"chunked"}
[info] +  database: required API firebasedatabase.googleapis.com is enabled 
[info] 
[debug] [2021-10-19T13:35:41.835Z] > refreshing access token with scopes: []
[debug] [2021-10-19T13:35:41.835Z] >>> HTTP REQUEST POST https://www.googleapis.com/oauth2/v3/token  
 <request body omitted>
[debug] [2021-10-19T13:35:42.104Z] <<< HTTP RESPONSE 200 {"pragma":"no-cache","date":"Tue, 19 Oct 2021 13:35:42 GMT","expires":"Mon, 01 Jan 1990 00:00:00 GMT","cache-control":"no-cache, no-store, max-age=0, must-revalidate","content-type":"application/json; charset=utf-8","vary":"X-Origin, Referer, Origin,Accept-Encoding","server":"scaffolding on HTTPServer2","x-xss-protection":"0","x-frame-options":"SAMEORIGIN","x-content-type-options":"nosniff","alt-svc":"h3=\":443\"; ma=2592000,h3-29=\":443\"; ma=2592000,h3-T051=\":443\"; ma=2592000,h3-Q050=\":443\"; ma=2592000,h3-Q046=\":443\"; ma=2592000,h3-Q043=\":443\"; ma=2592000,quic=\":443\"; ma=2592000; v=\"46,43\"","accept-ranges":"none","transfer-encoding":"chunked"}
[debug] [2021-10-19T13:35:42.156Z] >>> [apiv2][query] GET https://firebase.googleapis.com/v1beta1/projects/delight-sun-clinic [none]
[debug] [2021-10-19T13:35:42.873Z] <<< [apiv2][status] GET https://firebase.googleapis.com/v1beta1/projects/delight-sun-clinic 200
[debug] [2021-10-19T13:35:42.873Z] <<< [apiv2][body] GET https://firebase.googleapis.com/v1beta1/projects/delight-sun-clinic {"projectId":"delight-sun-clinic","projectNumber":"142396740446","displayName":"Delight Sun Clinic","name":"projects/delight-sun-clinic","resources":{"hostingSite":"delight-sun-clinic"},"state":"ACTIVE"}
